[20:33:42] [main/INFO]: Loading Minecraft 1.21.1 with Fabric Loader 0.16.7
[20:33:42] [main/INFO]: Loading 63 mods:
	- carpet 1.4.147+v240613
	- essential-container 1.0.0
	   \-- essential-loader 1.2.3
	- fabric-api 0.105.0+1.21.1
	   |-- fabric-api-base 0.4.42+6573ed8c19
	   |-- fabric-api-lookup-api-v1 1.6.68+b559734419
	   |-- fabric-biome-api-v1 13.0.29+5bd9f1bc19
	   |-- fabric-block-api-v1 1.0.22+0af3f5a719
	   |-- fabric-block-view-api-v2 1.0.10+6573ed8c19
	   |-- fabric-blockrenderlayer-v1 1.1.52+0af3f5a719
	   |-- fabric-client-tags-api-v1 1.1.15+6573ed8c19
	   |-- fabric-command-api-v1 1.2.49+f71b366f19
	   |-- fabric-command-api-v2 2.2.28+6ced4dd919
	   |-- fabric-commands-v0 0.2.66+df3654b319
	   |-- fabric-content-registries-v0 8.0.16+b559734419
	   |-- fabric-convention-tags-v1 2.0.23+7f945d5b19
	   |-- fabric-convention-tags-v2 2.8.0+9d22c5fd19
	   |-- fabric-crash-report-info-v1 0.2.29+0af3f5a719
	   |-- fabric-data-attachment-api-v1 1.1.28+1daea21519
	   |-- fabric-data-generation-api-v1 20.2.20+16c4ae2519
	   |-- fabric-dimensions-v1 4.0.0+6fc22b9919
	   |-- fabric-entity-events-v1 1.7.0+2122d82819
	   |-- fabric-events-interaction-v0 0.7.13+ba9dae0619
	   |-- fabric-game-rule-api-v1 1.0.53+6ced4dd919
	   |-- fabric-item-api-v1 11.1.0+d5debaed19
	   |-- fabric-item-group-api-v1 4.1.5+3fc0e55219
	   |-- fabric-key-binding-api-v1 1.0.47+0af3f5a719
	   |-- fabric-keybindings-v0 0.2.45+df3654b319
	   |-- fabric-lifecycle-events-v1 2.3.12+6c1df36019
	   |-- fabric-loot-api-v2 3.0.14+3f89f5a519
	   |-- fabric-loot-api-v3 1.0.2+3f89f5a519
	   |-- fabric-message-api-v1 6.0.13+6573ed8c19
	   |-- fabric-model-loading-api-v1 2.0.0+fe474d6b19
	   |-- fabric-networking-api-v1 4.3.0+c7469b2119
	   |-- fabric-object-builder-api-v1 15.2.0+40875a9319
	   |-- fabric-particles-v1 4.0.2+6573ed8c19
	   |-- fabric-recipe-api-v1 5.0.13+6508971219
	   |-- fabric-registry-sync-v0 5.1.3+60c3209b19
	   |-- fabric-renderer-api-v1 3.4.0+c705a49c19
	   |-- fabric-renderer-indigo 1.7.0+c705a49c19
	   |-- fabric-renderer-registries-v1 3.2.68+df3654b319
	   |-- fabric-rendering-data-attachment-v1 0.3.48+73761d2e19
	   |-- fabric-rendering-fluids-v1 3.1.6+1daea21519
	   |-- fabric-rendering-v0 1.1.71+df3654b319
	   |-- fabric-rendering-v1 5.0.5+df16efd019
	   |-- fabric-resource-conditions-api-v1 4.3.0+8dc279b119
	   |-- fabric-resource-loader-v0 1.3.0+5659912919
	   |-- fabric-screen-api-v1 2.0.25+8b68f1c719
	   |-- fabric-screen-handler-api-v1 1.3.87+b559734419
	   |-- fabric-sound-api-v1 1.0.23+6573ed8c19
	   |-- fabric-transfer-api-v1 5.3.0+d831205f19
	   \-- fabric-transitive-access-wideners-v1 6.1.0+1daea21519
	- fabricloader 0.16.7
	   \-- mixinextras 0.4.1
	- itemscroller 0.24.50
	- java 21
	- litematica 0.19.50
	- malilib 0.21.0
	- minecraft 1.21.1
	- minihud 0.32.50
	- sodium 0.6.0-beta.2+mc1.21.1
	- tweakeroo 0.21.50
	- worldedit 7.3.7+6929-c6af3a3
[20:33:43] [main/INFO]: SpongePowered MIXIN Subsystem Version=0.8.7 Source=file:/C:/Users/Nahuel/AppData/Roaming/.minecraft/libraries/net/fabricmc/sponge-mixin/0.15.3+mixin.0.8.7/sponge-mixin-0.15.3+mixin.0.8.7.jar Service=Knot/Fabric Env=CLIENT
[20:33:43] [main/INFO]: Compatibility level set to JAVA_17
[20:33:43] [main/INFO]: Compatibility level set to JAVA_21
[20:33:43] [main/INFO]: Loaded configuration file for Sodium: 43 options available, 0 override(s) found
[20:33:43] [main/WARN]: [carpet] detected, disabling UPDATE mixin com.sk89q.worldedit.fabric.mixin.MixinLevelChunkSetBlockHook
[20:33:44] [main/INFO]: Starting Essential Loader (stage2) version 1.6.3 (efcb6b821a2b6aca3ad9fdfcd01c8ae1) [stable]
[20:33:44] [main/INFO]: Preparing download...
[20:33:45] [main/INFO]: Downloading 6322KB of updates...
[20:33:45] [main/INFO]: 0KB / 6322KB (0%)
[20:33:51] [main/INFO]: 6322KB / 6322KB (100%)
[20:33:51] [main/INFO]: End of download.
[20:33:51] [main/INFO]: Starting Essential v1.3.4.3 (#da291ff7bf) [stable]
[20:33:51] [main/INFO]: Java: OpenJDK 64-Bit Server VM (v21.0.3) by Microsoft (Microsoft)
[20:33:51] [main/INFO]: Java Path: C:\Users\Nahuel\AppData\Local\Packages\Microsoft.4297127D64EC6_8wekyb3d8bbwe\LocalCache\Local\runtime\java-runtime-delta\windows-x64\java-runtime-delta\bin
[20:33:51] [main/INFO]: Java Info: mixed mode
[20:33:51] [main/INFO]: JVM Arguments: 
  - -XX:HeapDumpPath=MojangTricksIntelDriversForPerformance_javaw.exe_minecraft.exe.heapdump
  - -Xss1M
  - -Djava.library.path=C:\Users\Nahuel\AppData\Roaming\.minecraft\bin\7cf63a7cf1a1782e9725206c41361ffaf2597351
  - -Djna.tmpdir=C:\Users\Nahuel\AppData\Roaming\.minecraft\bin\7cf63a7cf1a1782e9725206c41361ffaf2597351
  - -Dorg.lwjgl.system.SharedLibraryExtractPath=C:\Users\Nahuel\AppData\Roaming\.minecraft\bin\7cf63a7cf1a1782e9725206c41361ffaf2597351
  - -Dio.netty.native.workdir=C:\Users\Nahuel\AppData\Roaming\.minecraft\bin\7cf63a7cf1a1782e9725206c41361ffaf2597351
  - -Dminecraft.launcher.brand=minecraft-launcher
  - -Dminecraft.launcher.version=3.3.13
  - -DFabricMcEmu= net.minecraft.client.main.Main 
  - -Xmx2G
  - -XX:+UnlockExperimentalVMOptions
  - -XX:+UseG1GC
  - -XX:G1NewSizePercent=20
  - -XX:G1ReservePercent=20
  - -XX:MaxGCPauseMillis=50
  - -XX:G1HeapRegionSize=32M
  - -Dlog4j.configurationFile=C:\Users\Nahuel\AppData\Roaming\.minecraft\assets\log_configs\client-1.12.xml
[20:33:51] [main/INFO]: OS: Windows 10 (v10.0) (Arch: amd64)
[20:33:52] [main/INFO]: Searching for graphics cards...
[20:33:52] [main/INFO]: Found graphics adapter: AdapterInfo{vendor=NVIDIA, description='NVIDIA GeForce GTX 1660 SUPER', adapterType=0x0000030B, openglIcdFilePath='C:\Windows\System32\DriverStore\FileRepository\nvmdi.inf_amd64_23954e33c8a39da4\nvoglv64.dll', openglIcdVersion=32.0.15.5599}
[20:33:52] [main/WARN]: Sodium has applied one or more workarounds to prevent crashes or other issues on your system: [NVIDIA_THREADED_OPTIMIZATIONS]
[20:33:52] [main/WARN]: This is not necessarily an issue, but it may result in certain features or optimizations being disabled. You can sometimes fix these issues by upgrading your graphics driver.
[20:33:52] [main/INFO]: Initializing MixinExtras via com.llamalad7.mixinextras.service.MixinExtrasServiceImpl(version=0.4.1).
[20:33:53] [Datafixer Bootstrap/INFO]: 226 Datafixer optimizations took 327 milliseconds
[20:33:56] [main/WARN]: @ModifyConstant conflict. Skipping mixins.tweakeroo.json:MixinStructureBlockBlockEntity from mod tweakeroo->@ModifyConstant::overrideMaxSize(I)I with priority 999, already redirected by carpet.mixins.json:StructureBlockEntity_limitsMixin from mod carpet->@ModifyConstant::negativeLimit(I)I with priority 1000
[20:33:56] [main/WARN]: @ModifyConstant conflict. Skipping mixins.tweakeroo.json:MixinStructureBlockBlockEntity from mod tweakeroo->@ModifyConstant::overrideMaxSize(I)I with priority 999, already redirected by carpet.mixins.json:StructureBlockEntity_limitsMixin from mod carpet->@ModifyConstant::positiveLimit(I)I with priority 1000
[20:33:56] [main/WARN]: @ModifyConstant conflict. Skipping mixins.tweakeroo.json:MixinStructureBlockBlockEntity from mod tweakeroo->@ModifyConstant::overrideMaxSize(I)I with priority 999, already redirected by carpet.mixins.json:StructureBlockEntity_limitsMixin from mod carpet->@ModifyConstant::negativeLimit(I)I with priority 1000
[20:33:56] [main/WARN]: @ModifyConstant conflict. Skipping mixins.tweakeroo.json:MixinStructureBlockBlockEntity from mod tweakeroo->@ModifyConstant::overrideMaxSize(I)I with priority 999, already redirected by carpet.mixins.json:StructureBlockEntity_limitsMixin from mod carpet->@ModifyConstant::positiveLimit(I)I with priority 1000
[20:33:56] [main/WARN]: @ModifyConstant conflict. Skipping mixins.tweakeroo.json:MixinStructureBlockBlockEntity from mod tweakeroo->@ModifyConstant::overrideMaxSize(I)I with priority 999, already redirected by carpet.mixins.json:StructureBlockEntity_limitsMixin from mod carpet->@ModifyConstant::negativeLimit(I)I with priority 1000
[20:33:56] [main/WARN]: @ModifyConstant conflict. Skipping mixins.tweakeroo.json:MixinStructureBlockBlockEntity from mod tweakeroo->@ModifyConstant::overrideMaxSize(I)I with priority 999, already redirected by carpet.mixins.json:StructureBlockEntity_limitsMixin from mod carpet->@ModifyConstant::positiveLimit(I)I with priority 1000
[20:33:56] [main/WARN]: @ModifyConstant conflict. Skipping mixins.tweakeroo.json:MixinStructureBlockBlockEntity from mod tweakeroo->@ModifyConstant::overrideMaxSize(I)I with priority 999, already redirected by carpet.mixins.json:StructureBlockEntity_limitsMixin from mod carpet->@ModifyConstant::positiveLimit(I)I with priority 1000
[20:33:56] [main/WARN]: @ModifyConstant conflict. Skipping mixins.tweakeroo.json:MixinStructureBlockBlockEntity from mod tweakeroo->@ModifyConstant::overrideMaxSize(I)I with priority 999, already redirected by carpet.mixins.json:StructureBlockEntity_limitsMixin from mod carpet->@ModifyConstant::positiveLimit(I)I with priority 1000
[20:33:56] [main/WARN]: @ModifyConstant conflict. Skipping mixins.tweakeroo.json:MixinStructureBlockBlockEntity from mod tweakeroo->@ModifyConstant::overrideMaxSize(I)I with priority 999, already redirected by carpet.mixins.json:StructureBlockEntity_limitsMixin from mod carpet->@ModifyConstant::positiveLimit(I)I with priority 1000
[20:33:59] [Render thread/INFO]: Environment: Environment[sessionHost=https://sessionserver.mojang.com, servicesHost=https://api.minecraftservices.com, name=PROD]
[20:33:59] [Render thread/INFO]: Setting user: ByOver03
[20:34:00] [Render thread/INFO]: Starting DI!
[20:34:00] [Render thread/INFO]: Authenticating to Mojang as ByOver03 (406eea31-2601-48c3-b31c-f59dd3481fdf)
[20:34:00] [DefaultDispatcher-worker-3/INFO]: Connecting to Essential Connection Manager...
[20:34:00] [DefaultDispatcher-worker-3/INFO]: Using Default JreDnsResolver
[20:34:00] [DefaultDispatcher-worker-3/INFO]: Using Default JreSocketFactory
[20:34:01] [WebSocketConnectReadThread-108/INFO]: Connected to Essential Connection Manager.
[20:34:01] [Render thread/INFO]: Got request to register class com.sk89q.worldedit.fabric.FabricPlatform with WorldEdit [com.sk89q.worldedit.extension.platform.PlatformManager@65f6a9f8]
[20:34:01] [Render thread/WARN]: @Redirect conflict. Skipping mixins.tweakeroo.json:MixinServerPlayNetworkHandler from mod tweakeroo->@Redirect::tweakeroo_removeHitPosCheck(Lnet/minecraft/class_243;Lnet/minecraft/class_243;)Lnet/minecraft/class_243; with priority 1005, already redirected by mixins.litematica.json:MixinServerPlayNetworkHandler from mod litematica->@Redirect::litematica_removeHitPosCheck(Lnet/minecraft/class_243;Lnet/minecraft/class_243;)Lnet/minecraft/class_243; with priority 1010
[20:34:01] [Render thread/INFO]: WorldEdit for Fabric (version 7.3.7+6929-c6af3a3) is loaded
[20:34:01] [Render thread/INFO]: [Indigo] Different rendering plugin detected; not applying Indigo.
[20:34:01] [Render thread/INFO]: OptiFine not detected.
[20:34:02] [Render thread/INFO]: Backend library: LWJGL version 3.3.3-snapshot
[20:34:02] [Render thread/WARN]: Applying workaround: Prevent the NVIDIA OpenGL driver from using broken optimizations (NVIDIA_THREADED_OPTIMIZATIONS)
[20:34:02] [Render thread/INFO]: OpenGL Vendor: NVIDIA Corporation
[20:34:02] [Render thread/INFO]: OpenGL Renderer: NVIDIA GeForce GTX 1660 SUPER/PCIe/SSE2
[20:34:02] [Render thread/INFO]: OpenGL Version: 3.2.0 NVIDIA 555.99
[20:34:04] [Render thread/INFO]: Reloading ResourceManager: vanilla, fabric, carpet, essential, essential-container, essential-loader, fabric-api, fabric-api-base, fabric-api-lookup-api-v1, fabric-biome-api-v1, fabric-block-api-v1, fabric-block-view-api-v2, fabric-blockrenderlayer-v1, fabric-client-tags-api-v1, fabric-command-api-v1, fabric-command-api-v2, fabric-commands-v0, fabric-content-registries-v0, fabric-convention-tags-v1, fabric-convention-tags-v2, fabric-crash-report-info-v1, fabric-data-attachment-api-v1, fabric-data-generation-api-v1, fabric-dimensions-v1, fabric-entity-events-v1, fabric-events-interaction-v0, fabric-game-rule-api-v1, fabric-item-api-v1, fabric-item-group-api-v1, fabric-key-binding-api-v1, fabric-keybindings-v0, fabric-language-kotlin, fabric-lifecycle-events-v1, fabric-loot-api-v2, fabric-loot-api-v3, fabric-message-api-v1, fabric-model-loading-api-v1, fabric-networking-api-v1, fabric-object-builder-api-v1, fabric-particles-v1, fabric-recipe-api-v1, fabric-registry-sync-v0, fabric-renderer-api-v1, fabric-renderer-indigo, fabric-renderer-registries-v1, fabric-rendering-data-attachment-v1, fabric-rendering-fluids-v1, fabric-rendering-v0, fabric-rendering-v1, fabric-resource-conditions-api-v1, fabric-resource-loader-v0, fabric-screen-api-v1, fabric-screen-handler-api-v1, fabric-sound-api-v1, fabric-transfer-api-v1, fabric-transitive-access-wideners-v1, fabricloader, itemscroller, litematica, malilib, minihud, sodium, tweakeroo, worldedit, Essential Assets, essential
[20:34:04] [Worker-Main-2/INFO]: Found unifont_all_no_pua-15.1.05.hex, loading
[20:34:04] [Worker-Main-10/INFO]: Found unifont_jp_patch-15.1.05.hex, loading
[20:34:05] [DefaultDispatcher-worker-9/INFO]: Connected to Discord as byover03
[20:34:06] [Render thread/WARN]: Missing sound for event: minecraft:item.goat_horn.play
[20:34:06] [Render thread/WARN]: Missing sound for event: minecraft:entity.goat.screaming.horn_break
[20:34:07] [Render thread/INFO]: OpenAL initialized on device OpenAL Soft on Altavoces (Logitech G733 Gaming Headset)
[20:34:07] [Render thread/INFO]: Sound engine started
[20:34:07] [Render thread/INFO]: Created: 1024x512x4 minecraft:textures/atlas/blocks.png-atlas
[20:34:07] [Render thread/INFO]: Created: 256x256x4 minecraft:textures/atlas/signs.png-atlas
[20:34:07] [Render thread/INFO]: Created: 512x512x4 minecraft:textures/atlas/banner_patterns.png-atlas
[20:34:07] [Render thread/INFO]: Created: 512x512x4 minecraft:textures/atlas/shield_patterns.png-atlas
[20:34:07] [Render thread/INFO]: Created: 1024x1024x4 minecraft:textures/atlas/armor_trims.png-atlas
[20:34:07] [Render thread/INFO]: Created: 256x256x4 minecraft:textures/atlas/chest.png-atlas
[20:34:07] [Render thread/INFO]: Created: 128x64x4 minecraft:textures/atlas/decorated_pot.png-atlas
[20:34:07] [Render thread/INFO]: Created: 512x256x4 minecraft:textures/atlas/beds.png-atlas
[20:34:07] [Render thread/INFO]: Created: 512x256x4 minecraft:textures/atlas/shulker_boxes.png-atlas
[20:34:07] [Render thread/INFO]: Created: 512x256x0 minecraft:textures/atlas/particles.png-atlas
[20:34:07] [Render thread/INFO]: Created: 512x256x0 minecraft:textures/atlas/paintings.png-atlas
[20:34:07] [Render thread/INFO]: Created: 256x128x0 minecraft:textures/atlas/mob_effects.png-atlas
[20:34:07] [Render thread/INFO]: Created: 64x64x0 minecraft:textures/atlas/map_decorations.png-atlas
[20:34:07] [Render thread/INFO]: Created: 1024x512x0 minecraft:textures/atlas/gui.png-atlas
[20:34:07] [Render thread/WARN]: Shader rendertype_entity_translucent_emissive could not find sampler named Sampler2 in the specified shader program.
[20:34:08] [Render thread/WARN]: Shader cabb2374eda405e66b897908637abd1da5deac52 could not find uniform named subpixel_amount in the specified shader program.
[20:34:18] [Render thread/INFO]: Connecting to c3e15cd4-a096-4fac-85df-3976cd56c126.essential-sps, 25565
[20:34:18] [DefaultDispatcher-worker-16/INFO]: Creating client-side ICE agent for c3e15cd4-a096-4fac-85df-3976cd56c126
[20:34:18] [DefaultDispatcher-worker-16/INFO]: [1] Starting connection between ByOver03 (406eea31-2601-48c3-b31c-f59dd3481fdf) and iknowa (c3e15cd4-a096-4fac-85df-3976cd56c126), we are the client
[20:34:19] [DefaultDispatcher-worker-13/INFO]: [1] Using QUIC because both parties support it.
[20:34:21] [Render thread/INFO]: Started 6 worker threads
[20:34:22] [Render thread/INFO]: Using 3 total BufferAllocator caches
[20:34:22] [Render thread/WARN]: Unable to read property: east with value: false for blockstate: {Name:"minecraft:cobblestone_wall",Properties:{east:"false",north:"false",south:"false",up:"false",west:"false"}}
[20:34:22] [Render thread/WARN]: Unable to read property: south with value: false for blockstate: {Name:"minecraft:cobblestone_wall",Properties:{east:"false",north:"false",south:"false",up:"false",west:"false"}}
[20:34:22] [Render thread/WARN]: Unable to read property: north with value: false for blockstate: {Name:"minecraft:cobblestone_wall",Properties:{east:"false",north:"false",south:"false",up:"false",west:"false"}}
[20:34:22] [Render thread/WARN]: Unable to read property: west with value: false for blockstate: {Name:"minecraft:cobblestone_wall",Properties:{east:"false",north:"false",south:"false",up:"false",west:"false"}}
[20:34:22] [Render thread/WARN]: Unable to read property: east with value: false for blockstate: {Name:"minecraft:mossy_cobblestone_wall",Properties:{east:"false",north:"false",south:"false",up:"false",west:"false"}}
[20:34:22] [Render thread/WARN]: Unable to read property: south with value: false for blockstate: {Name:"minecraft:mossy_cobblestone_wall",Properties:{east:"false",north:"false",south:"false",up:"false",west:"false"}}
[20:34:22] [Render thread/WARN]: Unable to read property: north with value: false for blockstate: {Name:"minecraft:mossy_cobblestone_wall",Properties:{east:"false",north:"false",south:"false",up:"false",west:"false"}}
[20:34:22] [Render thread/WARN]: Unable to read property: west with value: false for blockstate: {Name:"minecraft:mossy_cobblestone_wall",Properties:{east:"false",north:"false",south:"false",up:"false",west:"false"}}
[20:34:22] [Render thread/INFO]: Loaded 316 advancements
[20:34:22] [Render thread/WARN]: encodeClientData(): encountered [4] sendPayload failures, cancelling any Servux join attempt(s)
[20:34:28] [Render thread/INFO]: [CHAT] <[ADMIN] er_teniente ❤> hey
[20:34:30] [Render thread/INFO]: [CHAT] <ByOver03> o/
[20:35:18] [Render thread/INFO]: [CHAT] <[ADMIN] er_teniente ❤> quieres ver lo ultimo que he hecho
[20:35:23] [DefaultDispatcher-worker-13/INFO]: [1] Nominate: /88.23.86.200:52148 (server-reflexive for /192.168.1.41:52148) -> /79.117.198.242:56365 (srflx) (24ms RTT)
[20:35:23] [DefaultDispatcher-worker-13/INFO]: [1]  * /88.23.86.200:52148 (server-reflexive for /192.168.1.41:52148) -> /79.117.198.242:56365 (srflx) (24ms RTT)
[20:35:23] [DefaultDispatcher-worker-13/INFO]: [1]    /209.38.38.45:51457 (relayed for /192.168.1.41:52148) -> /79.117.198.242:56365 (srflx) (117ms RTT)
[20:35:23] [DefaultDispatcher-worker-13/INFO]: [1]    /143.198.17.69:49363 (relayed for /192.168.1.41:52148) -> /79.117.198.242:56365 (srflx) (226ms RTT)
[20:35:23] [DefaultDispatcher-worker-13/INFO]: [1]    /88.23.86.200:52148 (server-reflexive for /192.168.1.41:52148) -> /143.198.17.69:52711 (relay) (221ms RTT)
[20:35:23] [DefaultDispatcher-worker-13/INFO]: [1]    /143.198.17.69:49363 (relayed for /192.168.1.41:52148) -> /143.198.17.69:52711 (relay) (222ms RTT)
[20:35:23] [DefaultDispatcher-worker-13/INFO]: [1]    /209.38.38.45:51457 (relayed for /192.168.1.41:52148) -> /143.198.17.69:52711 (relay) (285ms RTT)
[20:35:23] [DefaultDispatcher-worker-13/INFO]: [1]    /209.38.38.45:51457 (relayed for /192.168.1.41:52148) -> /209.38.38.45:49373 (relay) (120ms RTT)
[20:35:23] [DefaultDispatcher-worker-13/INFO]: [1]    /88.23.86.200:52148 (server-reflexive for /192.168.1.41:52148) -> /209.38.38.45:49373 (relay) (119ms RTT)
[20:35:23] [DefaultDispatcher-worker-13/INFO]: [1]    /143.198.17.69:49363 (relayed for /192.168.1.41:52148) -> /209.38.38.45:49373 (relay) (273ms RTT)
[20:35:23] [DefaultDispatcher-worker-3/INFO]: [1] [Ws1JHczb8Oa34/kP] Nomination successful: /88.23.86.200:52148 (server-reflexive for /192.168.1.41:52148) -> /79.117.198.242:56365 (srflx)
[20:35:52] [Render thread/INFO]: [CHAT] <ByOver03> dame un minuto que termino los aldeanos automaticos y voy
[20:35:57] [Render thread/INFO]: [CHAT] <[ADMIN] er_teniente ❤> okey
[20:36:04] [Render thread/INFO]: [CHAT] <[ADMIN] er_teniente ❤> una cosa
[20:36:07] [Render thread/INFO]: [CHAT] <[ADMIN] er_teniente ❤> tienes op?
[20:36:23] [Render thread/INFO]: [CHAT] <ByOver03> ene
[20:36:25] [Render thread/INFO]: [CHAT] <[ADMIN] er_teniente ❤> es que no me sale
[20:36:29] [Render thread/INFO]: [CHAT] <[ADMIN] er_teniente ❤> ah nada
[20:36:33] [Render thread/INFO]: [CHAT] <[ADMIN] er_teniente ❤> el owner es aihnoa
[20:36:35] [Render thread/INFO]: [CHAT] <[ADMIN] er_teniente ❤> asjsj
[20:36:52] [Render thread/INFO]: [CHAT] <ByOver03> baia
[20:37:07] [Render thread/INFO]: [CHAT] <ByOver03> voy igual o nada?
[20:37:16] [Render thread/INFO]: [CHAT] <[ADMIN] er_teniente ❤> si quieres si
[20:37:22] [Render thread/INFO]: [CHAT] <[ADMIN] er_teniente ❤> pero no te puedo hacer tp
[20:37:44] [Render thread/INFO]: [CHAT] <ByOver03> es en tu base??
[20:37:49] [Render thread/INFO]: [CHAT] <[ADMIN] er_teniente ❤> si
[20:37:58] [Render thread/INFO]: [CHAT] <ByOver03> vale, pues ahora voy
[20:38:09] [Render thread/INFO]: [CHAT] <[PRINCESA] iknowa ❤> holas
[20:38:14] [Render thread/INFO]: [CHAT] <ByOver03> buenass
[20:38:43] [Render thread/INFO]: Stopping worker threads
[20:38:43] [Render thread/INFO]: Started 6 worker threads
[20:38:43] [Render thread/INFO]: Stopping worker threads
[20:38:43] [Render thread/INFO]: Started 6 worker threads
[20:38:43] [Render thread/INFO]: LitematicaSchematic: executing Vanilla DataFixer for Tile Entities DataVersion 2975 -> 3955
[20:38:43] [Render thread/INFO]: LitematicaSchematic: executing Vanilla DataFixer for Entities DataVersion 2975 -> 3955
[20:38:44] [Render thread/INFO]: LitematicaSchematic: executing Vanilla DataFixer for Block State Palette DataVersion 2975 -> 3955
[20:39:01] [Render thread/WARN]: Received passengers for unknown entity
[20:39:05] [Render thread/INFO]: Loaded 316 advancements
[20:39:09] [Render thread/INFO]: Loaded 317 advancements
[20:39:13] [Render thread/INFO]: Loaded 317 advancements
[20:39:53] [Render thread/INFO]: Stopping worker threads
[20:39:53] [Render thread/INFO]: Started 6 worker threads
[20:39:53] [Render thread/INFO]: Stopping worker threads
[20:39:53] [Render thread/INFO]: Started 6 worker threads
[20:39:53] [Render thread/WARN]: Received passengers for unknown entity
[20:39:53] [Render thread/WARN]: Received passengers for unknown entity
[20:39:53] [Render thread/WARN]: Received passengers for unknown entity
[20:39:53] [Render thread/WARN]: Received passengers for unknown entity
[20:39:53] [Render thread/WARN]: Received passengers for unknown entity
[20:39:53] [Render thread/WARN]: Received passengers for unknown entity
[20:39:53] [Render thread/WARN]: Received passengers for unknown entity
[20:39:53] [Render thread/WARN]: Received passengers for unknown entity
[20:39:53] [Render thread/WARN]: Received passengers for unknown entity
[20:39:53] [Render thread/WARN]: Received passengers for unknown entity
[20:39:53] [Render thread/WARN]: Received passengers for unknown entity
[20:39:53] [Render thread/WARN]: Received passengers for unknown entity
[20:39:53] [Render thread/WARN]: Received passengers for unknown entity
[20:39:53] [Render thread/WARN]: Received passengers for unknown entity
[20:39:53] [Render thread/WARN]: Received passengers for unknown entity
[20:39:53] [Render thread/WARN]: Received passengers for unknown entity
[20:39:53] [Render thread/WARN]: Received passengers for unknown entity
[20:39:53] [Render thread/WARN]: Received passengers for unknown entity
[20:39:53] [Render thread/WARN]: Received passengers for unknown entity
[20:39:53] [Render thread/WARN]: Received passengers for unknown entity
[20:39:53] [Render thread/WARN]: Received passengers for unknown entity
[20:39:53] [Render thread/WARN]: Received passengers for unknown entity
[20:39:53] [Render thread/WARN]: Received passengers for unknown entity
[20:39:53] [Render thread/WARN]: Received passengers for unknown entity
[20:39:53] [Render thread/WARN]: Received passengers for unknown entity
[20:39:53] [Render thread/WARN]: Received passengers for unknown entity
[20:40:05] [Render thread/INFO]: [CHAT] <[ADMIN] er_teniente ❤> ven
[20:40:22] [Render thread/INFO]: [CHAT] <ByOver03> lo estoy viendo xd
[20:40:33] [Render thread/INFO]: [CHAT] <[ADMIN] er_teniente ❤> ajsj
[20:40:42] [Render thread/INFO]: Loaded 317 advancements
[20:40:55] [Render thread/INFO]: [CHAT] <ByOver03> increible
[20:40:55] [Render thread/WARN]: Received passengers for unknown entity
[20:40:55] [Render thread/WARN]: Received passengers for unknown entity
[20:40:55] [Render thread/WARN]: Received passengers for unknown entity
[20:40:56] [Render thread/WARN]: Received passengers for unknown entity
[20:40:56] [Render thread/WARN]: Received passengers for unknown entity
[20:41:05] [Render thread/INFO]: [CHAT] <[ADMIN] er_teniente ❤> 43k de cuarzo
[20:41:10] [Render thread/INFO]: [CHAT] <ByOver03> joder
[20:41:24] [Render thread/INFO]: [CHAT] <ByOver03> de aqui a que yo me haga algo asi va a pasar
[20:41:40] [Render thread/INFO]: [CHAT] <ByOver03> aunque yo soy de hacer antes un perimetro
[20:41:48] [Render thread/INFO]: [CHAT] <[ADMIN] er_teniente ❤> no es tanto trabajo
[20:41:56] [Render thread/INFO]: [CHAT] <[ADMIN] er_teniente ❤> solo es conseguir el material
[20:42:05] [Render thread/INFO]: [CHAT] <[ADMIN] er_teniente ❤> luego es ir poniendo bloques con el litematica
[20:42:06] [Render thread/INFO]: [CHAT] <ByOver03> a ver, con litematica no, pero bueno
[20:42:06] [Render thread/INFO]: [CHAT] <[PRINCESA] iknowa ❤> me ha tenido de esclava bajo el sótano
[20:42:13] [Render thread/INFO]: [CHAT] <[PRINCESA] iknowa ❤> he estado sin comer días
[20:42:18] [Render thread/INFO]: [CHAT] <ByOver03> jajajajaja
[20:42:57] [Render thread/INFO]: [CHAT] <ByOver03> algun dia os voy a decir de hacer uno de mis ideas de perimetros y vais a querer dejar el juego xd
[20:43:01] [Render thread/WARN]: Received passengers for unknown entity
[20:43:01] [Render thread/WARN]: Received passengers for unknown entity
[20:43:01] [Render thread/WARN]: Received passengers for unknown entity
[20:43:01] [Render thread/WARN]: Received passengers for unknown entity
[20:43:01] [Render thread/WARN]: Received passengers for unknown entity
[20:43:01] [Render thread/WARN]: Received passengers for unknown entity
[20:43:01] [Render thread/WARN]: Received passengers for unknown entity
[20:43:01] [Render thread/WARN]: Received passengers for unknown entity
[20:43:01] [Render thread/WARN]: Received passengers for unknown entity
[20:43:01] [Render thread/WARN]: Received passengers for unknown entity
[20:43:09] [Render thread/INFO]: [CHAT] <[ADMIN] er_teniente ❤> xd
[20:43:11] [Render thread/WARN]: Received passengers for unknown entity
[20:43:18] [Render thread/WARN]: Unable to play empty soundEvent: minecraft:entity.tropical_fish.ambient
[20:43:39] [Render thread/INFO]: Stopping worker threads
[20:43:39] [Render thread/INFO]: Started 6 worker threads
[20:43:39] [Render thread/INFO]: Stopping worker threads
[20:43:39] [Render thread/INFO]: Started 6 worker threads
[20:43:39] [Render thread/INFO]: LitematicaSchematic: executing Vanilla DataFixer for Tile Entities DataVersion 2975 -> 3955
[20:43:39] [Render thread/INFO]: LitematicaSchematic: executing Vanilla DataFixer for Entities DataVersion 2975 -> 3955
[20:43:39] [Render thread/INFO]: LitematicaSchematic: executing Vanilla DataFixer for Block State Palette DataVersion 2975 -> 3955
[20:44:17] [Render thread/WARN]: Received passengers for unknown entity
[20:44:24] [Render thread/INFO]: Stopping worker threads
[20:44:24] [Render thread/INFO]: Started 6 worker threads
[20:44:24] [Render thread/INFO]: Stopping worker threads
[20:44:24] [Render thread/INFO]: Started 6 worker threads
[20:45:55] [Render thread/INFO]: [CHAT] <[ADMIN] er_teniente ❤> la fabrica la has visto
[20:45:57] [Render thread/INFO]: [CHAT] <[ADMIN] er_teniente ❤> por dentro
[20:46:03] [Render thread/INFO]: [CHAT] <ByOver03> por dentro no
[20:46:15] [Render thread/INFO]: [CHAT] <[ADMIN] er_teniente ❤> la tengo casi terminada
[20:46:21] [Render thread/INFO]: [CHAT] <[ADMIN] er_teniente ❤> me faltan un par de granjas
[20:46:34] [WebSocketConnectReadThread-108/WARN]: Connection closed unexpectedly (CloseInfo(code=1006, reason=, remote=true, outdated=false)) after 12m 33.160776700s
[20:46:34] [Render thread/INFO]: Authenticating to Mojang as ByOver03 (406eea31-2601-48c3-b31c-f59dd3481fdf)
[20:46:34] [DefaultDispatcher-worker-16/INFO]: Connecting to Essential Connection Manager...
[20:46:35] [WebSocketConnectReadThread-268/INFO]: Connected to Essential Connection Manager.
[20:50:47] [Render thread/INFO]: Villager class_1646['Villager'/322205, l='ClientLevel', x=1310.09, y=96.00, z=-174.51] died, message: 'Villager died'
[20:52:19] [Render thread/INFO]: Loaded 317 advancements
[20:52:27] [Render thread/INFO]: Villager class_1646['Farmer'/322202, l='ClientLevel', x=1303.27, y=96.00, z=-172.62] died, message: 'Farmer died'
[20:52:34] [Render thread/INFO]: Loaded 317 advancements
[20:52:34] [Render thread/INFO]: Loaded 318 advancements
[20:55:57] [Render thread/INFO]: [System] [CHAT] [PRINCESA] iknowa ❤ has made the advancement [Bee Our Guest]
[20:56:48] [Render thread/INFO]: [System] [CHAT] [PRINCESA] iknowa ❤ has made the advancement [Total Beelocation]
[20:57:36] [Render thread/INFO]: [System] [CHAT] [Debug]: Reloaded resource packs
[20:57:36] [Render thread/INFO]: Reloading ResourceManager: vanilla, fabric, carpet, essential, essential-container, essential-loader, fabric-api, fabric-api-base, fabric-api-lookup-api-v1, fabric-biome-api-v1, fabric-block-api-v1, fabric-block-view-api-v2, fabric-blockrenderlayer-v1, fabric-client-tags-api-v1, fabric-command-api-v1, fabric-command-api-v2, fabric-commands-v0, fabric-content-registries-v0, fabric-convention-tags-v1, fabric-convention-tags-v2, fabric-crash-report-info-v1, fabric-data-attachment-api-v1, fabric-data-generation-api-v1, fabric-dimensions-v1, fabric-entity-events-v1, fabric-events-interaction-v0, fabric-game-rule-api-v1, fabric-item-api-v1, fabric-item-group-api-v1, fabric-key-binding-api-v1, fabric-keybindings-v0, fabric-language-kotlin, fabric-lifecycle-events-v1, fabric-loot-api-v2, fabric-loot-api-v3, fabric-message-api-v1, fabric-model-loading-api-v1, fabric-networking-api-v1, fabric-object-builder-api-v1, fabric-particles-v1, fabric-recipe-api-v1, fabric-registry-sync-v0, fabric-renderer-api-v1, fabric-renderer-indigo, fabric-renderer-registries-v1, fabric-rendering-data-attachment-v1, fabric-rendering-fluids-v1, fabric-rendering-v0, fabric-rendering-v1, fabric-resource-conditions-api-v1, fabric-resource-loader-v0, fabric-screen-api-v1, fabric-screen-handler-api-v1, fabric-sound-api-v1, fabric-transfer-api-v1, fabric-transitive-access-wideners-v1, fabricloader, itemscroller, litematica, malilib, minihud, sodium, tweakeroo, worldedit, Essential Assets, essential
[20:57:36] [Worker-Main-18/INFO]: Found unifont_all_no_pua-15.1.05.hex, loading
[20:57:36] [Worker-Main-23/INFO]: Found unifont_jp_patch-15.1.05.hex, loading
[20:57:38] [Render thread/WARN]: Missing sound for event: minecraft:item.goat_horn.play
[20:57:38] [Render thread/WARN]: Missing sound for event: minecraft:entity.goat.screaming.horn_break
[20:57:38] [Render thread/INFO]: OpenAL initialized on device OpenAL Soft on Altavoces (Logitech G733 Gaming Headset)
[20:57:38] [Render thread/INFO]: Sound engine started
[20:57:38] [Render thread/INFO]: Created: 1024x512x4 minecraft:textures/atlas/blocks.png-atlas
[20:57:38] [Render thread/INFO]: Created: 256x256x4 minecraft:textures/atlas/signs.png-atlas
[20:57:38] [Render thread/INFO]: Created: 512x512x4 minecraft:textures/atlas/banner_patterns.png-atlas
[20:57:38] [Render thread/INFO]: Created: 512x512x4 minecraft:textures/atlas/shield_patterns.png-atlas
[20:57:38] [Render thread/INFO]: Created: 1024x1024x4 minecraft:textures/atlas/armor_trims.png-atlas
[20:57:38] [Render thread/INFO]: Created: 256x256x4 minecraft:textures/atlas/chest.png-atlas
[20:57:38] [Render thread/INFO]: Created: 128x64x4 minecraft:textures/atlas/decorated_pot.png-atlas
[20:57:38] [Render thread/INFO]: Created: 512x256x4 minecraft:textures/atlas/beds.png-atlas
[20:57:38] [Render thread/INFO]: Created: 512x256x4 minecraft:textures/atlas/shulker_boxes.png-atlas
[20:57:38] [Render thread/INFO]: Created: 512x256x0 minecraft:textures/atlas/particles.png-atlas
[20:57:38] [Render thread/INFO]: Created: 512x256x0 minecraft:textures/atlas/paintings.png-atlas
[20:57:38] [Render thread/INFO]: Created: 256x128x0 minecraft:textures/atlas/mob_effects.png-atlas
[20:57:38] [Render thread/INFO]: Created: 64x64x0 minecraft:textures/atlas/map_decorations.png-atlas
[20:57:38] [Render thread/INFO]: Created: 1024x512x0 minecraft:textures/atlas/gui.png-atlas
[20:57:38] [Render thread/WARN]: Shader rendertype_entity_translucent_emissive could not find sampler named Sampler2 in the specified shader program.
[20:57:38] [Render thread/INFO]: Stopping worker threads
[20:57:38] [Render thread/INFO]: Started 6 worker threads
[21:00:59] [Render thread/INFO]: [CHAT] <[ADMIN] er_teniente ❤> quieres discord?
[21:01:13] [Render thread/INFO]: [CHAT] <[ADMIN] er_teniente ❤> estamos escuchando el podcast de abascal en el worldcast
[21:14:48] [Render thread/INFO]: [CHAT] <ByOver03> estaba escuchando otra cosa empanadisimo, pero dale
[21:15:07] [Render thread/INFO]: [CHAT] <[ADMIN] er_teniente ❤> ajsj
[21:15:10] [Render thread/INFO]: [CHAT] <[ADMIN] er_teniente ❤> vale
[21:15:26] [Render thread/INFO]: [CHAT] <[ADMIN] er_teniente ❤> a cual vamos?
[21:15:35] [Render thread/INFO]: [CHAT] <[ADMIN] er_teniente ❤> hay mucho server
[21:15:58] [Render thread/INFO]: [CHAT] <ByOver03> el que querais, me mencionais y yo me uno
[21:35:53] [WebSocketConnectReadThread-268/WARN]: Connection closed unexpectedly (CloseInfo(code=1006, reason=, remote=true, outdated=false)) after 49m 18.393713700s
[21:35:53] [Render thread/INFO]: Authenticating to Mojang as ByOver03 (406eea31-2601-48c3-b31c-f59dd3481fdf)
[21:35:53] [DefaultDispatcher-worker-5/INFO]: Connecting to Essential Connection Manager...
[21:35:54] [WebSocketConnectReadThread-327/INFO]: Connected to Essential Connection Manager.
[21:39:37] [Render thread/INFO]: [System] [CHAT] [ADMIN] er_teniente ❤ left the game
[21:46:17] [Render thread/INFO]: Stopping worker threads
[21:46:28] [Render thread/INFO]: Stopping!
