[23:43:23] [main/INFO]: Loading Minecraft 1.20.1 with Fabric Loader 0.16.7
[23:43:23] [main/INFO]: Loading 68 mods:
	- carpet 1.4.112+v230608
	- essential-container 1.0.0
	   \-- essential-loader 1.2.3
	- fabric-api 0.91.0+1.20.1
	   |-- fabric-api-base 0.4.30+7abfd51577
	   |-- fabric-api-lookup-api-v1 1.6.35+4d8536c977
	   |-- fabric-biome-api-v1 13.0.12+215bbe9677
	   |-- fabric-block-api-v1 1.0.10+92a0d36777
	   |-- fabric-block-view-api-v2 1.0.0+92a0d36777
	   |-- fabric-blockrenderlayer-v1 1.1.40+b3afc78b77
	   |-- fabric-client-tags-api-v1 1.1.1+97bb207577
	   |-- fabric-command-api-v1 1.2.33+f71b366f77
	   |-- fabric-command-api-v2 2.2.12+b3afc78b77
	   |-- fabric-commands-v0 0.2.50+df3654b377
	   |-- fabric-containers-v0 0.1.63+df3654b377
	   |-- fabric-content-registries-v0 4.0.10+57aed33f77
	   |-- fabric-convention-tags-v1 1.5.4+a1a980da77
	   |-- fabric-crash-report-info-v1 0.2.18+aeb40ebe77
	   |-- fabric-data-generation-api-v1 12.3.3+d7b148e077
	   |-- fabric-dimensions-v1 2.1.53+8536527b77
	   |-- fabric-entity-events-v1 1.5.22+b3afc78b77
	   |-- fabric-events-interaction-v0 0.6.1+e91849a877
	   |-- fabric-events-lifecycle-v0 0.2.62+df3654b377
	   |-- fabric-game-rule-api-v1 1.0.39+ae9f657a77
	   |-- fabric-item-api-v1 2.1.27+b3afc78b77
	   |-- fabric-item-group-api-v1 4.0.11+d7b148e077
	   |-- fabric-key-binding-api-v1 1.0.36+fb8d95da77
	   |-- fabric-keybindings-v0 0.2.34+df3654b377
	   |-- fabric-lifecycle-events-v1 2.2.21+b3afc78b77
	   |-- fabric-loot-api-v2 1.2.0+96dfa95977
	   |-- fabric-loot-tables-v1 1.1.44+9e7660c677
	   |-- fabric-message-api-v1 5.1.8+d7b148e077
	   |-- fabric-mining-level-api-v1 2.1.49+b3afc78b77
	   |-- fabric-model-loading-api-v1 1.0.2+709a987177
	   |-- fabric-models-v0 0.4.1+9386d8a777
	   |-- fabric-networking-api-v1 1.3.10+eeb8eb3677
	   |-- fabric-networking-v0 0.3.50+df3654b377
	   |-- fabric-object-builder-api-v1 11.1.2+4ee0bc6077
	   |-- fabric-particles-v1 1.1.1+201a23a077
	   |-- fabric-recipe-api-v1 1.0.20+b3afc78b77
	   |-- fabric-registry-sync-v0 2.3.2+4df89eb277
	   |-- fabric-renderer-api-v1 3.2.0+39a511ba77
	   |-- fabric-renderer-indigo 1.5.0+39a511ba77
	   |-- fabric-renderer-registries-v1 3.2.45+df3654b377
	   |-- fabric-rendering-data-attachment-v1 0.3.36+92a0d36777
	   |-- fabric-rendering-fluids-v1 3.0.27+b3afc78b77
	   |-- fabric-rendering-v0 1.1.48+df3654b377
	   |-- fabric-rendering-v1 3.0.7+b3afc78b77
	   |-- fabric-resource-conditions-api-v1 2.3.7+29de845d77
	   |-- fabric-resource-loader-v0 0.11.9+132c48c177
	   |-- fabric-screen-api-v1 2.0.7+b3afc78b77
	   |-- fabric-screen-handler-api-v1 1.3.29+b3afc78b77
	   |-- fabric-sound-api-v1 1.0.12+b3afc78b77
	   |-- fabric-transfer-api-v1 3.3.3+c81d263177
	   \-- fabric-transitive-access-wideners-v1 4.3.0+6c31357e77
	- fabricloader 0.16.7
	   \-- mixinextras 0.4.1
	- itemscroller 0.20.0
	- java 17
	- litematica 0.15.3
	- malilib 0.16.1
	- minecraft 1.20.1
	- minihud 0.27.0
	- replaymod 1.20.1-2.6.13
	- sodium 0.5.3
	- starlight 1.1.2+fabric.dbc156f
	- tweakeroo 0.17.1
	- worldedit 7.2.15+6463-5ca4dff
[23:43:27] [main/INFO]: SpongePowered MIXIN Subsystem Version=0.8.7 Source=file:/C:/Users/Nahuel/AppData/Roaming/.minecraft/libraries/net/fabricmc/sponge-mixin/0.15.3+mixin.0.8.7/sponge-mixin-0.15.3+mixin.0.8.7.jar Service=Knot/Fabric Env=CLIENT
[23:43:27] [main/INFO]: Compatibility level set to JAVA_17
[23:43:27] [main/WARN]: Reference map 'mixins.nonmmlauncher.replaymod.refmap.json' for mixins.nonmmlauncher.replaymod.json could not be read. If this is a development environment you can ignore this message
[23:43:27] [main/INFO]: Loaded configuration file for Sodium: 41 options available, 0 override(s) found
[23:43:28] [main/WARN]: [carpet] detected, disabling UPDATE mixin com.sk89q.worldedit.fabric.mixin.MixinLevelChunkSetBlockHook
[23:43:28] [main/WARN]: Error loading class: net/optifine/render/ChunkVisibility (java.lang.ClassNotFoundException: net/optifine/render/ChunkVisibility)
[23:43:28] [main/WARN]: Error loading class: shadersmod/client/ShadersRender (java.lang.ClassNotFoundException: shadersmod/client/ShadersRender)
[23:43:28] [main/WARN]: Error loading class: net/optifine/shaders/ShadersRender (java.lang.ClassNotFoundException: net/optifine/shaders/ShadersRender)
[23:43:28] [main/WARN]: Error loading class: net/coderbot/iris/uniforms/CommonUniforms (java.lang.ClassNotFoundException: net/coderbot/iris/uniforms/CommonUniforms)
[23:43:28] [main/WARN]: Error loading class: net/coderbot/iris/Iris (java.lang.ClassNotFoundException: net/coderbot/iris/Iris)
[23:43:29] [main/INFO]: Starting Essential Loader (stage2) version 1.6.3 (efcb6b821a2b6aca3ad9fdfcd01c8ae1) [stable]
[23:43:29] [main/INFO]: Found newer Essential version 1.3.5.3 [stable]
[23:43:30] [main/INFO]: Starting Essential v1.3.4.3 (#da291ff7bf) [stable]
[23:43:30] [main/INFO]: Java: OpenJDK 64-Bit Server VM (v17.0.8) by Microsoft (Microsoft)
[23:43:30] [main/INFO]: Java Path: C:\Users\Nahuel\AppData\Local\Packages\Microsoft.4297127D64EC6_8wekyb3d8bbwe\LocalCache\Local\runtime\java-runtime-gamma\windows-x64\java-runtime-gamma\bin
[23:43:30] [main/INFO]: Java Info: mixed mode
[23:43:30] [main/INFO]: JVM Arguments: 
  - -XX:HeapDumpPath=MojangTricksIntelDriversForPerformance_javaw.exe_minecraft.exe.heapdump
  - -Xss1M
  - -Djava.library.path=C:\Users\Nahuel\AppData\Roaming\.minecraft\bin\c27d7d2ca3e330595f00b7ca5cf866b88400c79d
  - -Djna.tmpdir=C:\Users\Nahuel\AppData\Roaming\.minecraft\bin\c27d7d2ca3e330595f00b7ca5cf866b88400c79d
  - -Dorg.lwjgl.system.SharedLibraryExtractPath=C:\Users\Nahuel\AppData\Roaming\.minecraft\bin\c27d7d2ca3e330595f00b7ca5cf866b88400c79d
  - -Dio.netty.native.workdir=C:\Users\Nahuel\AppData\Roaming\.minecraft\bin\c27d7d2ca3e330595f00b7ca5cf866b88400c79d
  - -Dminecraft.launcher.brand=minecraft-launcher
  - -Dminecraft.launcher.version=3.3.13
  - -DFabricMcEmu= net.minecraft.client.main.Main 
  - -Xmx2G
  - -XX:+UnlockExperimentalVMOptions
  - -XX:+UseG1GC
  - -XX:G1NewSizePercent=20
  - -XX:G1ReservePercent=20
  - -XX:MaxGCPauseMillis=50
  - -XX:G1HeapRegionSize=32M
  - -Dlog4j.configurationFile=C:\Users\Nahuel\AppData\Roaming\.minecraft\assets\log_configs\client-1.12.xml
[23:43:30] [main/INFO]: OS: Windows 10 (v10.0) (Arch: amd64)
[23:43:30] [main/INFO]: Searching for graphics cards...
[23:43:31] [main/INFO]: Found graphics card: GraphicsAdapterInfo[vendor=NVIDIA, name=NVIDIA GeForce GTX 1660 SUPER, version=DriverVersion=32.0.15.5599]
[23:43:31] [main/WARN]: Sodium has applied one or more workarounds to prevent crashes or other issues on your system: [NVIDIA_THREADED_OPTIMIZATIONS]
[23:43:31] [main/WARN]: This is not necessarily an issue, but it may result in certain features or optimizations being disabled. You can sometimes fix these issues by upgrading your graphics driver.
[23:43:31] [main/INFO]: Initializing MixinExtras via com.llamalad7.mixinextras.service.MixinExtrasServiceImpl(version=0.4.1).
[23:43:32] [main/WARN]: Method overwrite conflict for getLanguage in worldedit-fabric.mixins.json:MixinServerPlayer from mod worldedit, previously written by carpet.mixins.ServerPlayer_scarpetEventMixin. Skipping method.
[23:43:34] [main/WARN]: @ModifyConstant conflict. Skipping mixins.tweakeroo.json:MixinStructureBlockBlockEntity from mod tweakeroo->@ModifyConstant::overrideMaxSize(I)I with priority 999, already redirected by carpet.mixins.json:StructureBlockEntity_limitsMixin from mod carpet->@ModifyConstant::negativeLimit(I)I with priority 1000
[23:43:34] [main/WARN]: @ModifyConstant conflict. Skipping mixins.tweakeroo.json:MixinStructureBlockBlockEntity from mod tweakeroo->@ModifyConstant::overrideMaxSize(I)I with priority 999, already redirected by carpet.mixins.json:StructureBlockEntity_limitsMixin from mod carpet->@ModifyConstant::positiveLimit(I)I with priority 1000
[23:43:34] [main/WARN]: @ModifyConstant conflict. Skipping mixins.tweakeroo.json:MixinStructureBlockBlockEntity from mod tweakeroo->@ModifyConstant::overrideMaxSize(I)I with priority 999, already redirected by carpet.mixins.json:StructureBlockEntity_limitsMixin from mod carpet->@ModifyConstant::negativeLimit(I)I with priority 1000
[23:43:34] [main/WARN]: @ModifyConstant conflict. Skipping mixins.tweakeroo.json:MixinStructureBlockBlockEntity from mod tweakeroo->@ModifyConstant::overrideMaxSize(I)I with priority 999, already redirected by carpet.mixins.json:StructureBlockEntity_limitsMixin from mod carpet->@ModifyConstant::positiveLimit(I)I with priority 1000
[23:43:34] [main/WARN]: @ModifyConstant conflict. Skipping mixins.tweakeroo.json:MixinStructureBlockBlockEntity from mod tweakeroo->@ModifyConstant::overrideMaxSize(I)I with priority 999, already redirected by carpet.mixins.json:StructureBlockEntity_limitsMixin from mod carpet->@ModifyConstant::negativeLimit(I)I with priority 1000
[23:43:34] [main/WARN]: @ModifyConstant conflict. Skipping mixins.tweakeroo.json:MixinStructureBlockBlockEntity from mod tweakeroo->@ModifyConstant::overrideMaxSize(I)I with priority 999, already redirected by carpet.mixins.json:StructureBlockEntity_limitsMixin from mod carpet->@ModifyConstant::positiveLimit(I)I with priority 1000
[23:43:34] [main/WARN]: @ModifyConstant conflict. Skipping mixins.tweakeroo.json:MixinStructureBlockBlockEntity from mod tweakeroo->@ModifyConstant::overrideMaxSize(I)I with priority 999, already redirected by carpet.mixins.json:StructureBlockEntity_limitsMixin from mod carpet->@ModifyConstant::positiveLimit(I)I with priority 1000
[23:43:34] [main/WARN]: @ModifyConstant conflict. Skipping mixins.tweakeroo.json:MixinStructureBlockBlockEntity from mod tweakeroo->@ModifyConstant::overrideMaxSize(I)I with priority 999, already redirected by carpet.mixins.json:StructureBlockEntity_limitsMixin from mod carpet->@ModifyConstant::positiveLimit(I)I with priority 1000
[23:43:34] [main/WARN]: @ModifyConstant conflict. Skipping mixins.tweakeroo.json:MixinStructureBlockBlockEntity from mod tweakeroo->@ModifyConstant::overrideMaxSize(I)I with priority 999, already redirected by carpet.mixins.json:StructureBlockEntity_limitsMixin from mod carpet->@ModifyConstant::positiveLimit(I)I with priority 1000
[23:43:36] [Datafixer Bootstrap/INFO]: 188 Datafixer optimizations took 117 milliseconds
[23:43:36] [main/WARN]: Method overwrite conflict for getConnection in fabric-networking-api-v1.mixins.json:accessor.ServerPlayNetworkHandlerAccessor from mod fabric-networking-api-v1, previously written by carpet.mixins.ServerGamePacketListenerImpl_coreMixin. Skipping method.
[23:43:36] [main/WARN]: @Redirect conflict. Skipping mixins.tweakeroo.json:MixinServerPlayNetworkHandler from mod tweakeroo->@Redirect::tweakeroo_removeHitPosCheck(Lnet/minecraft/class_243;Lnet/minecraft/class_243;)Lnet/minecraft/class_243; with priority 1005, already redirected by mixins.litematica.json:MixinServerPlayNetworkHandler from mod litematica->@Redirect::litematica_removeHitPosCheck(Lnet/minecraft/class_243;Lnet/minecraft/class_243;)Lnet/minecraft/class_243; with priority 1010
[23:43:38] [Render thread/INFO]: Environment: authHost='https://authserver.mojang.com', accountsHost='https://api.mojang.com', sessionHost='https://sessionserver.mojang.com', servicesHost='https://api.minecraftservices.com', name='PROD'
[23:43:38] [Render thread/INFO]: Setting user: ByOver03
[23:43:39] [Render thread/INFO]: Starting DI!
[23:43:39] [Render thread/INFO]: Authenticating to Mojang as ByOver03 (406eea31-2601-48c3-b31c-f59dd3481fdf)
[23:43:39] [DefaultDispatcher-worker-3/INFO]: Connecting to Essential Connection Manager...
[23:43:40] [DefaultDispatcher-worker-3/INFO]: Using Default JreDnsResolver
[23:43:40] [DefaultDispatcher-worker-3/INFO]: Using Default JreSocketFactory
[23:43:40] [WebSocketConnectReadThread-86/INFO]: Connected to Essential Connection Manager.
[23:43:40] [Render thread/INFO]: Got request to register class com.sk89q.worldedit.fabric.FabricPlatform with WorldEdit [com.sk89q.worldedit.extension.platform.PlatformManager@fe7ec2d]
[23:43:40] [Render thread/INFO]: WorldEdit for Fabric (version 7.2.15+6463-5ca4dff) is loaded
[23:43:40] [Render thread/INFO]: [Indigo] Different rendering plugin detected; not applying Indigo.
[23:43:41] [Render thread/INFO]: OptiFine not detected.
[23:43:41] [Render thread/INFO]: Backend library: LWJGL version 3.3.1 SNAPSHOT
[23:43:41] [Render thread/WARN]: Attempting to apply workarounds for the NVIDIA Graphics Driver...
[23:43:41] [Render thread/WARN]: If the game crashes immediately after this point, please make a bug report: https://github.com/CaffeineMC/sodium-fabric/issues
[23:43:41] [Render thread/INFO]: ... Successfully applied workarounds for the NVIDIA Graphics Driver!
[23:43:41] [Render thread/INFO]: OpenGL Vendor: NVIDIA Corporation
[23:43:41] [Render thread/INFO]: OpenGL Renderer: NVIDIA GeForce GTX 1660 SUPER/PCIe/SSE2
[23:43:41] [Render thread/INFO]: OpenGL Version: 3.2.0 NVIDIA 555.99
[23:43:45] [Render thread/INFO]: Reloading ResourceManager: vanilla, fabric (carpet, essential-container, essential-loader, fabric-api, fabric-api-base, fabric-api-lookup-api-v1, fabric-biome-api-v1, fabric-block-api-v1, fabric-block-view-api-v2, fabric-blockrenderlayer-v1, fabric-client-tags-api-v1, fabric-command-api-v1, fabric-command-api-v2, fabric-commands-v0, fabric-containers-v0, fabric-content-registries-v0, fabric-convention-tags-v1, fabric-crash-report-info-v1, fabric-data-generation-api-v1, fabric-dimensions-v1, fabric-entity-events-v1, fabric-events-interaction-v0, fabric-events-lifecycle-v0, fabric-game-rule-api-v1, fabric-item-api-v1, fabric-item-group-api-v1, fabric-key-binding-api-v1, fabric-keybindings-v0, fabric-lifecycle-events-v1, fabric-loot-api-v2, fabric-loot-tables-v1, fabric-message-api-v1, fabric-mining-level-api-v1, fabric-model-loading-api-v1, fabric-models-v0, fabric-networking-api-v1, fabric-networking-v0, fabric-object-builder-api-v1, fabric-particles-v1, fabric-recipe-api-v1, fabric-registry-sync-v0, fabric-renderer-api-v1, fabric-renderer-indigo, fabric-renderer-registries-v1, fabric-rendering-data-attachment-v1, fabric-rendering-fluids-v1, fabric-rendering-v0, fabric-rendering-v1, fabric-resource-conditions-api-v1, fabric-resource-loader-v0, fabric-screen-api-v1, fabric-screen-handler-api-v1, fabric-sound-api-v1, fabric-transfer-api-v1, fabric-transitive-access-wideners-v1, fabricloader, itemscroller, litematica, malilib, minihud, replaymod, sodium, starlight, tweakeroo, worldedit, essential, fabric-language-kotlin), file/visible_diamonds.zip, replaymod_lang, Essential Assets, essential
[23:43:45] [Worker-Main-1/INFO]: Found unifont_all_no_pua-15.0.06.hex, loading
[23:43:46] [Render thread/WARN]: Shader cabb2374eda405e66b897908637abd1da5deac52 could not find uniform named subpixel_amount in the specified shader program.
[23:43:46] [DefaultDispatcher-worker-10/INFO]: Connected to Discord as byover03
[23:43:47] [Render thread/WARN]: Missing sound for event: minecraft:item.goat_horn.play
[23:43:47] [Render thread/WARN]: Missing sound for event: minecraft:entity.goat.screaming.horn_break
[23:43:47] [Render thread/INFO]: OpenAL initialized on device OpenAL Soft on Altavoces (Logitech G733 Gaming Headset)
[23:43:47] [Render thread/INFO]: Sound engine started
[23:43:47] [Render thread/INFO]: Created: 1024x512x4 minecraft:textures/atlas/blocks.png-atlas
[23:43:47] [Render thread/INFO]: Created: 256x256x4 minecraft:textures/atlas/signs.png-atlas
[23:43:47] [Render thread/INFO]: Created: 512x512x4 minecraft:textures/atlas/shield_patterns.png-atlas
[23:43:47] [Render thread/INFO]: Created: 512x512x4 minecraft:textures/atlas/banner_patterns.png-atlas
[23:43:47] [Render thread/INFO]: Created: 1024x1024x4 minecraft:textures/atlas/armor_trims.png-atlas
[23:43:47] [Render thread/INFO]: Created: 128x64x4 minecraft:textures/atlas/decorated_pot.png-atlas
[23:43:47] [Render thread/INFO]: Created: 256x256x4 minecraft:textures/atlas/chest.png-atlas
[23:43:47] [Render thread/INFO]: Created: 512x256x4 minecraft:textures/atlas/shulker_boxes.png-atlas
[23:43:47] [Render thread/INFO]: Created: 512x256x4 minecraft:textures/atlas/beds.png-atlas
[23:43:47] [Render thread/WARN]: Shader rendertype_entity_translucent_emissive could not find sampler named Sampler2 in the specified shader program.
[23:43:47] [Render thread/INFO]: Created: 256x256x0 minecraft:textures/atlas/particles.png-atlas
[23:43:47] [Render thread/INFO]: Created: 256x256x0 minecraft:textures/atlas/paintings.png-atlas
[23:43:47] [Render thread/INFO]: Created: 128x128x0 minecraft:textures/atlas/mob_effects.png-atlas
[23:43:48] [Render thread/INFO]: Registering commands with com.sk89q.worldedit.fabric.FabricPlatform
[23:43:49] [Render thread/INFO]: Loaded 7 recipes
[23:43:49] [Render thread/INFO]: Loaded 1271 advancements
[23:43:49] [Render thread/INFO]: Applied 0 biome modifications to 0 of 64 new biomes in 1.072 ms
[23:43:49] [Server thread/INFO]: Starting integrated minecraft server version 1.20.1
[23:43:49] [Server thread/INFO]: Generating keypair
[23:43:49] [Server thread/INFO]: [CM] Loaded 5 settings from carpet.conf
[23:43:50] [Server thread/INFO]: Preparing start region for dimension minecraft:overworld
[23:43:54] [Render thread/INFO]: Preparing spawn area: 0%
[23:43:54] [Render thread/INFO]: Preparing spawn area: 0%
[23:43:54] [Render thread/INFO]: Preparing spawn area: 0%
[23:43:54] [Render thread/INFO]: Preparing spawn area: 0%
[23:43:54] [Render thread/INFO]: Preparing spawn area: 0%
[23:43:54] [Render thread/INFO]: Preparing spawn area: 0%
[23:43:54] [Render thread/INFO]: Preparing spawn area: 0%
[23:43:54] [Render thread/INFO]: Preparing spawn area: 0%
[23:43:54] [Render thread/INFO]: Preparing spawn area: 0%
[23:43:55] [Render thread/INFO]: Preparing spawn area: 0%
[23:43:55] [Render thread/INFO]: Preparing spawn area: 15%
[23:43:56] [Render thread/INFO]: Preparing spawn area: 84%
[23:43:56] [Render thread/INFO]: Time elapsed: 5628 ms
[23:43:56] [Server thread/INFO]: instamine_deepslate app loaded
[23:43:56] [Server thread/INFO]: App instamine_deepslate loaded in 20 ms
[23:43:57] [Server thread/INFO]: Changing view distance to 32, from 10
[23:43:57] [Server thread/INFO]: Changing simulation distance to 32, from 0
[23:43:58] [Netty Local Client IO #0/INFO]: Singleplayer Recording is disabled
[23:43:58] [Server thread/INFO]: ByOver03[local:E:3bc8a4b1] logged in with entity id 92 at (-158.95324295342198, 63.92517409827897, 175.44485224182952)
[23:43:58] [Server thread/INFO]: ByOver03 joined the game
[23:43:58] [Render thread/INFO]: Started 6 worker threads
[23:43:59] [Render thread/INFO]: Using 3 total BufferBuilder caches
[23:43:59] [Render thread/WARN]: Unable to read property: east with value: false for blockstate: {Name:"minecraft:cobblestone_wall",Properties:{east:"false",north:"false",south:"false",up:"false",west:"false"}}
[23:43:59] [Render thread/WARN]: Unable to read property: south with value: false for blockstate: {Name:"minecraft:cobblestone_wall",Properties:{east:"false",north:"false",south:"false",up:"false",west:"false"}}
[23:43:59] [Render thread/WARN]: Unable to read property: north with value: false for blockstate: {Name:"minecraft:cobblestone_wall",Properties:{east:"false",north:"false",south:"false",up:"false",west:"false"}}
[23:43:59] [Render thread/WARN]: Unable to read property: west with value: false for blockstate: {Name:"minecraft:cobblestone_wall",Properties:{east:"false",north:"false",south:"false",up:"false",west:"false"}}
[23:43:59] [Render thread/WARN]: Unable to read property: east with value: false for blockstate: {Name:"minecraft:mossy_cobblestone_wall",Properties:{east:"false",north:"false",south:"false",up:"false",west:"false"}}
[23:43:59] [Render thread/WARN]: Unable to read property: south with value: false for blockstate: {Name:"minecraft:mossy_cobblestone_wall",Properties:{east:"false",north:"false",south:"false",up:"false",west:"false"}}
[23:43:59] [Render thread/WARN]: Unable to read property: north with value: false for blockstate: {Name:"minecraft:mossy_cobblestone_wall",Properties:{east:"false",north:"false",south:"false",up:"false",west:"false"}}
[23:43:59] [Render thread/WARN]: Unable to read property: west with value: false for blockstate: {Name:"minecraft:mossy_cobblestone_wall",Properties:{east:"false",north:"false",south:"false",up:"false",west:"false"}}
[23:44:00] [Render thread/INFO]: Loaded 738 advancements
[23:44:00] [Render thread/ERROR]: Signature is missing from Property textures
[23:44:17] [Render thread/WARN]: Received passengers for unknown entity
[23:44:17] [Render thread/WARN]: Received passengers for unknown entity
[23:44:17] [Render thread/WARN]: Received passengers for unknown entity
[23:44:17] [Render thread/WARN]: Received passengers for unknown entity
[23:44:17] [Render thread/WARN]: Received passengers for unknown entity
[23:44:17] [Render thread/WARN]: Received passengers for unknown entity
[23:44:17] [Render thread/WARN]: Received passengers for unknown entity
[23:44:17] [Render thread/WARN]: Received passengers for unknown entity
[23:44:17] [Render thread/WARN]: Received passengers for unknown entity
[23:44:17] [Render thread/WARN]: Received passengers for unknown entity
[23:44:17] [Render thread/WARN]: Received passengers for unknown entity
[23:44:17] [Render thread/WARN]: Received passengers for unknown entity
[23:44:17] [Render thread/WARN]: Received passengers for unknown entity
[23:44:17] [Render thread/WARN]: Received passengers for unknown entity
[23:44:17] [Render thread/WARN]: Received passengers for unknown entity
[23:44:17] [Render thread/WARN]: Received passengers for unknown entity
[23:44:17] [Render thread/WARN]: Received passengers for unknown entity
[23:44:17] [Render thread/WARN]: Received passengers for unknown entity
[23:44:17] [Render thread/WARN]: Received passengers for unknown entity
[23:44:17] [Render thread/WARN]: Received passengers for unknown entity
[23:44:17] [Render thread/WARN]: Received passengers for unknown entity
[23:44:17] [Render thread/WARN]: Received passengers for unknown entity
[23:44:17] [Render thread/WARN]: Received passengers for unknown entity
[23:44:17] [Render thread/WARN]: Received passengers for unknown entity
[23:44:17] [Render thread/WARN]: Received passengers for unknown entity
[23:44:17] [Render thread/WARN]: Received passengers for unknown entity
[23:44:17] [Render thread/WARN]: Received passengers for unknown entity
[23:44:18] [Render thread/WARN]: Received passengers for unknown entity
[23:44:18] [Render thread/WARN]: Received passengers for unknown entity
[23:44:18] [Render thread/WARN]: Received passengers for unknown entity
[23:44:18] [Render thread/WARN]: Received passengers for unknown entity
[23:44:18] [Render thread/WARN]: Received passengers for unknown entity
[23:44:20] [Render thread/WARN]: Received passengers for unknown entity
[23:44:20] [Render thread/WARN]: Received passengers for unknown entity
[23:44:20] [Render thread/WARN]: Received passengers for unknown entity
[23:44:20] [Render thread/WARN]: Received passengers for unknown entity
[23:44:20] [Render thread/WARN]: Received passengers for unknown entity
[23:44:20] [Render thread/WARN]: Received passengers for unknown entity
[23:44:20] [Render thread/WARN]: Received passengers for unknown entity
[23:44:20] [Render thread/WARN]: Received passengers for unknown entity
[23:44:20] [Render thread/WARN]: Received passengers for unknown entity
[23:44:20] [Render thread/WARN]: Received passengers for unknown entity
[23:44:20] [Render thread/WARN]: Received passengers for unknown entity
[23:44:20] [Render thread/WARN]: Received passengers for unknown entity
[23:44:20] [Render thread/WARN]: Received passengers for unknown entity
[23:44:20] [Render thread/WARN]: Received passengers for unknown entity
[23:44:20] [Render thread/WARN]: Received passengers for unknown entity
[23:44:20] [Render thread/WARN]: Received passengers for unknown entity
[23:44:20] [Render thread/WARN]: Received passengers for unknown entity
[23:44:20] [Render thread/WARN]: Received passengers for unknown entity
[23:44:20] [Render thread/WARN]: Received passengers for unknown entity
[23:44:20] [Render thread/WARN]: Received passengers for unknown entity
[23:44:25] [Render thread/WARN]: Received passengers for unknown entity
[23:44:25] [Render thread/WARN]: Received passengers for unknown entity
[23:44:25] [Render thread/WARN]: Received passengers for unknown entity
[23:44:25] [Render thread/WARN]: Received passengers for unknown entity
[23:44:25] [Render thread/WARN]: Received passengers for unknown entity
[23:44:25] [Render thread/WARN]: Received passengers for unknown entity
[23:44:25] [Render thread/WARN]: Received passengers for unknown entity
[23:44:25] [Render thread/WARN]: Received passengers for unknown entity
[23:44:25] [Render thread/WARN]: Received passengers for unknown entity
[23:44:25] [Render thread/WARN]: Received passengers for unknown entity
[23:44:30] [Server thread/INFO]: [ByOver03: ByOver03 subscribed to tps.]
[23:44:30] [Render thread/INFO]: [System] [CHAT] ByOver03 subscribed to tps.
[23:44:42] [Render thread/WARN]: Received passengers for unknown entity
[23:44:42] [Render thread/WARN]: Received passengers for unknown entity
[23:44:42] [Render thread/WARN]: Received passengers for unknown entity
[23:44:42] [Render thread/WARN]: Received passengers for unknown entity
[23:44:42] [Render thread/WARN]: Received passengers for unknown entity
[23:44:42] [Render thread/WARN]: Received passengers for unknown entity
[23:44:42] [Render thread/WARN]: Received passengers for unknown entity
[23:44:42] [Render thread/WARN]: Received passengers for unknown entity
[23:44:42] [Render thread/WARN]: Received passengers for unknown entity
[23:44:42] [Render thread/WARN]: Received passengers for unknown entity
[23:44:48] [Render thread/INFO]: [System] [CHAT] [Debug]: Chunk borders: shown
[23:45:13] [Render thread/WARN]: Unable to play empty soundEvent: minecraft:entity.cod.ambient
[23:45:17] [Render thread/WARN]: Unable to play empty soundEvent: minecraft:entity.salmon.ambient
[23:49:38] [Server thread/WARN]: Can't keep up! Is the server overloaded? Running 2024ms or 40 ticks behind
[23:49:56] [Server thread/WARN]: Can't keep up! Is the server overloaded? Running 2687ms or 53 ticks behind
[23:50:15] [Server thread/WARN]: Can't keep up! Is the server overloaded? Running 4582ms or 91 ticks behind
[23:52:13] [Server thread/WARN]: Can't keep up! Is the server overloaded? Running 2063ms or 41 ticks behind
[23:52:36] [Server thread/WARN]: Can't keep up! Is the server overloaded? Running 8602ms or 172 ticks behind
[23:57:11] [Server thread/INFO]: Saving and pausing game...
[23:57:11] [Server thread/INFO]: Saving chunks for level 'ServerLevel[Mundo Proaso]'/minecraft:overworld
[23:57:11] [Server thread/INFO]: Saving chunks for level 'ServerLevel[Mundo Proaso]'/minecraft:the_end
[23:57:11] [Server thread/INFO]: Saving chunks for level 'ServerLevel[Mundo Proaso]'/minecraft:the_nether
[23:57:11] [Render thread/ERROR]: Signature is missing from Property textures
[23:57:43] [Server thread/INFO]: ByOver03 lost connection: Disconnected
[23:57:43] [Server thread/INFO]: ByOver03 left the game
[23:57:43] [Server thread/INFO]: Stopping singleplayer server as player logged out
[23:57:43] [Server thread/INFO]: Stopping server
[23:57:43] [Server thread/INFO]: Saving players
[23:57:43] [Server thread/INFO]: Saving worlds
[23:57:43] [Server thread/INFO]: Saving chunks for level 'ServerLevel[Mundo Proaso]'/minecraft:overworld
[23:57:44] [Server thread/INFO]: Saving chunks for level 'ServerLevel[Mundo Proaso]'/minecraft:the_end
[23:57:44] [Server thread/INFO]: Saving chunks for level 'ServerLevel[Mundo Proaso]'/minecraft:the_nether
[23:57:44] [Server thread/INFO]: ThreadedAnvilChunkStorage (Mundo Proaso): All chunks are saved
[23:57:44] [Server thread/INFO]: ThreadedAnvilChunkStorage (DIM1): All chunks are saved
[23:57:44] [Server thread/INFO]: ThreadedAnvilChunkStorage (DIM-1): All chunks are saved
[23:57:44] [Server thread/INFO]: ThreadedAnvilChunkStorage: All dimensions are saved
[23:57:44] [Render thread/INFO]: Stopping worker threads
[23:57:44] [Render thread/ERROR]: Signature is missing from Property textures
[23:57:49] [Render thread/INFO]: Stopping!
